{
  event = "msg_showcmd",
  kind = {}
}
{
  event = "msg_ruler",
  kind = { { 1, "22,51-49      All", 61 } }
}
{
  event = "msg_ruler",
  kind = { { 1, "22,51-49      All", 61 } }
}
{
  event = "msg_showcmd",
  kind = { { 0, ":", 0 } }
}
{ 0, ":", "", 0, 1, 0,
  event = "cmdline_show",
  kind = { { 0, "" } }
}
{
  event = "msg_ruler",
  kind = { { 1, "22,51-49      All", 61 } }
}
{
  event = "msg_ruler",
  kind = { { 1, "22,51-49      All", 61 } }
}
{
  event = "msg_ruler",
  kind = { { 1, "22,51-49      All", 61 } }
}
{
  event = "msg_ruler",
  kind = { { 1, "22,51-49      All", 61 } }
}
{
  event = "msg_ruler",
  kind = { { 1, "22,51-49      All", 61 } }
}
{ 1, ":", "", 0, 1, 0,
  event = "cmdline_show",
  kind = { { 0, "n" } }
}
{
  event = "msg_ruler",
  kind = { { 1, "22,51-49      All", 61 } }
}
{
  event = "msg_ruler",
  kind = { { 1, "22,51-49      All", 61 } }
}
{ 2, ":", "", 0, 1, 0,
  event = "cmdline_show",
  kind = { { 0, "no" } }
}
{
  event = "msg_ruler",
  kind = { { 1, "22,51-49      All", 61 } }
}
{
  event = "msg_ruler",
  kind = { { 1, "22,51-49      All", 61 } }
}
{ 3, ":", "", 0, 1, 0,
  event = "cmdline_show",
  kind = { { 0, "noi" } }
}
{
  event = "msg_ruler",
  kind = { { 1, "22,51-49      All", 61 } }
}
{
  event = "msg_ruler",
  kind = { { 1, "22,51-49      All", 61 } }
}
{ 4, ":", "", 0, 1, 0,
  event = "cmdline_show",
  kind = { { 0, "noic" } }
}
{
  event = "msg_ruler",
  kind = { { 1, "22,51-49      All", 61 } }
}
{
  event = "msg_ruler",
  kind = { { 1, "22,51-49      All", 61 } }
}
{ 5, ":", "", 0, 1, 0,
  event = "cmdline_show",
  kind = { { 0, "noice" } }
}
{
  event = "msg_ruler",
  kind = { { 1, "22,51-49      All", 61 } }
}
{
  event = "msg_ruler",
  kind = { { 1, "22,51-49      All", 61 } }
}
{ 4, ":", "", 0, 1, 0,
  event = "cmdline_show",
  kind = { { 0, "noic" } }
}
{
  event = "msg_ruler",
  kind = { { 1, "22,51-49      All", 61 } }
}
{
  event = "msg_ruler",
  kind = { { 1, "22,51-49      All", 61 } }
}
{ 3, ":", "", 0, 1, 0,
  event = "cmdline_show",
  kind = { { 0, "noi" } }
}
{
  event = "msg_ruler",
  kind = { { 1, "22,51-49      All", 61 } }
}
{
  event = "msg_ruler",
  kind = { { 1, "22,51-49      All", 61 } }
}
{ 2, ":", "", 0, 1, 0,
  event = "cmdline_show",
  kind = { { 0, "no" } }
}
{
  event = "msg_ruler",
  kind = { { 1, "22,51-49      All", 61 } }
}
{
  event = "msg_ruler",
  kind = { { 1, "22,51-49      All", 61 } }
}
{ 1, ":", "", 0, 1, 0,
  event = "cmdline_show",
  kind = { { 0, "n" } }
}
{
  event = "msg_ruler",
  kind = { { 1, "22,51-49      All", 61 } }
}
{
  event = "msg_ruler",
  kind = { { 1, "22,51-49      All", 61 } }
}
{ 0, ":", "", 0, 1, 0,
  event = "cmdline_show",
  kind = { { 0, "" } }
}
{
  event = "msg_ruler",
  kind = { { 1, "22,51-49      All", 61 } }
}
{ 1,
  event = "cmdline_pos",
  kind = 0
}
{ 1, ":", "", 0, 1, 0,
  event = "cmdline_show",
  kind = { { 0, "N" } }
}
{
  event = "msg_ruler",
  kind = { { 1, "22,51-49      All", 61 } }
}
{
  event = "msg_ruler",
  kind = { { 1, "22,51-49      All", 61 } }
}
{ 2, ":", "", 0, 1, 0,
  event = "cmdline_show",
  kind = { { 0, "No" } }
}
{
  event = "msg_ruler",
  kind = { { 1, "22,51-49      All", 61 } }
}
{
  event = "msg_ruler",
  kind = { { 1, "22,51-49      All", 61 } }
}
{ 3, ":", "", 0, 1, 0,
  event = "cmdline_show",
  kind = { { 0, "Noi" } }
}
{
  event = "msg_ruler",
  kind = { { 1, "22,51-49      All", 61 } }
}
{
  event = "msg_ruler",
  kind = { { 1, "22,51-49      All", 61 } }
}
{ 4, ":", "", 0, 1, 0,
  event = "cmdline_show",
  kind = { { 0, "Noic" } }
}
{
  event = "msg_ruler",
  kind = { { 1, "22,51-49      All", 61 } }
}
{
  event = "msg_ruler",
  kind = { { 1, "22,51-49      All", 61 } }
}
{ 5, ":", "", 0, 1, 0,
  event = "cmdline_show",
  kind = { { 0, "Noice" } }
}
{
  event = "msg_ruler",
  kind = { { 1, "22,51-49      All", 61 } }
}
{
  event = "msg_ruler",
  kind = { { 1, "22,51-49      All", 61 } }
}
{ 5, ":", "", 0, 1, 0,
  event = "cmdline_show",
  kind = { { 0, "Noice" } }
}
{
  event = "msg_ruler",
  kind = { { 1, "22,51-49      All", 61 } }
}
{ 6, ":", "", 0, 1, 0,
  event = "cmdline_show",
  kind = { { 0, "NoiceH" } }
}
{
  event = "msg_ruler",
  kind = { { 1, "22,51-49      All", 61 } }
}
{
  event = "msg_ruler",
  kind = { { 1, "22,51-49      All", 61 } }
}
{ 7, ":", "", 0, 1, 0,
  event = "cmdline_show",
  kind = { { 0, "NoiceHi" } }
}
{
  event = "msg_ruler",
  kind = { { 1, "22,51-49      All", 61 } }
}
{
  event = "msg_ruler",
  kind = { { 1, "22,51-49      All", 61 } }
}
{ 8, ":", "", 0, 1, 0,
  event = "cmdline_show",
  kind = { { 0, "NoiceHis" } }
}
{
  event = "msg_ruler",
  kind = { { 1, "22,51-49      All", 61 } }
}
{
  event = "msg_ruler",
  kind = { { 1, "22,51-49      All", 61 } }
}
{ 9, ":", "", 0, 1, 0,
  event = "cmdline_show",
  kind = { { 0, "NoiceHist" } }
}
{
  event = "msg_ruler",
  kind = { { 1, "22,51-49      All", 61 } }
}
{
  event = "msg_ruler",
  kind = { { 1, "22,51-49      All", 61 } }
}
{ 10, ":", "", 0, 1, 0,
  event = "cmdline_show",
  kind = { { 0, "NoiceHisto" } }
}
{
  event = "msg_ruler",
  kind = { { 1, "22,51-49      All", 61 } }
}
{
  event = "msg_ruler",
  kind = { { 1, "22,51-49      All", 61 } }
}
{ 11, ":", "", 0, 1, 0,
  event = "cmdline_show",
  kind = { { 0, "NoiceHistor" } }
}
{
  event = "msg_ruler",
  kind = { { 1, "22,51-49      All", 61 } }
}
{
  event = "msg_ruler",
  kind = { { 1, "22,51-49      All", 61 } }
}
{ 12, ":", "", 0, 1, 0,
  event = "cmdline_show",
  kind = { { 0, "NoiceHistory" } }
}
{
  event = "msg_ruler",
  kind = { { 1, "22,51-49      All", 61 } }
}
{
  event = "msg_ruler",
  kind = { { 1, "22,51-49      All", 61 } }
}
{ false,
  event = "cmdline_hide",
  kind = 1
}
{
  event = "msg_showcmd",
  kind = {}
}
{
  event = "msg_ruler",
  kind = { { 1, "22,51-49      All", 61 } }
}
{
  event = "msg_ruler",
  kind = { { 1, "22,51-49      All", 61 } }
}
{
  event = "msg_showcmd",
  kind = { { 0, ":", 0 } }
}
{ 0, ":", "", 0, 1, 0,
  event = "cmdline_show",
  kind = { { 0, "" } }
}
{
  event = "msg_ruler",
  kind = { { 1, "22,51-49      All", 61 } }
}
{
  event = "msg_ruler",
  kind = { { 1, "22,51-49      All", 61 } }
}
{
  event = "msg_ruler",
  kind = { { 1, "22,51-49      All", 61 } }
}
{
  event = "msg_ruler",
  kind = { { 1, "22,51-49      All", 61 } }
}
{ 1, ":", "", 0, 1, 0,
  event = "cmdline_show",
  kind = { { 0, "N" } }
}
{
  event = "msg_ruler",
  kind = { { 1, "22,51-49      All", 61 } }
}
{
  event = "msg_ruler",
  kind = { { 1, "22,51-49      All", 61 } }
}
{ 2, ":", "", 0, 1, 0,
  event = "cmdline_show",
  kind = { { 0, "No" } }
}
{
  event = "msg_ruler",
  kind = { { 1, "22,51-49      All", 61 } }
}
{
  event = "msg_ruler",
  kind = { { 1, "22,51-49      All", 61 } }
}
{ 3, ":", "", 0, 1, 0,
  event = "cmdline_show",
  kind = { { 0, "Noi" } }
}
{
  event = "msg_ruler",
  kind = { { 1, "22,51-49      All", 61 } }
}
{
  event = "msg_ruler",
  kind = { { 1, "22,51-49      All", 61 } }
}
{ 4, ":", "", 0, 1, 0,
  event = "cmdline_show",
  kind = { { 0, "Noic" } }
}
{
  event = "msg_ruler",
  kind = { { 1, "22,51-49      All", 61 } }
}
{
  event = "msg_ruler",
  kind = { { 1, "22,51-49      All", 61 } }
}
{ 5, ":", "", 0, 1, 0,
  event = "cmdline_show",
  kind = { { 0, "Noice" } }
}
{
  event = "msg_ruler",
  kind = { { 1, "22,51-49      All", 61 } }
}
{
  event = "msg_ruler",
  kind = { { 1, "22,51-49      All", 61 } }
}
{ 6, ":", "", 0, 1, 0,
  event = "cmdline_show",
  kind = { { 0, "NoiceH" } }
}
{
  event = "msg_ruler",
  kind = { { 1, "22,51-49      All", 61 } }
}
{
  event = "msg_ruler",
  kind = { { 1, "22,51-49      All", 61 } }
}
{ 7, ":", "", 0, 1, 0,
  event = "cmdline_show",
  kind = { { 0, "NoiceHi" } }
}
{
  event = "msg_ruler",
  kind = { { 1, "22,51-49      All", 61 } }
}
{
  event = "msg_ruler",
  kind = { { 1, "22,51-49      All", 61 } }
}
{ 8, ":", "", 0, 1, 0,
  event = "cmdline_show",
  kind = { { 0, "NoiceHis" } }
}
{
  event = "msg_ruler",
  kind = { { 1, "22,51-49      All", 61 } }
}
{
  event = "msg_ruler",
  kind = { { 1, "22,51-49      All", 61 } }
}
{ 9, ":", "", 0, 1, 0,
  event = "cmdline_show",
  kind = { { 0, "NoiceHist" } }
}
{
  event = "msg_ruler",
  kind = { { 1, "22,51-49      All", 61 } }
}
{
  event = "msg_ruler",
  kind = { { 1, "22,51-49      All", 61 } }
}
{ 10, ":", "", 0, 1, 0,
  event = "cmdline_show",
  kind = { { 0, "NoiceHisto" } }
}
{
  event = "msg_ruler",
  kind = { { 1, "22,51-49      All", 61 } }
}
{
  event = "msg_ruler",
  kind = { { 1, "22,51-49      All", 61 } }
}
{ 11, ":", "", 0, 1, 0,
  event = "cmdline_show",
  kind = { { 0, "NoiceHistor" } }
}
{
  event = "msg_ruler",
  kind = { { 1, "22,51-49      All", 61 } }
}
{
  event = "msg_ruler",
  kind = { { 1, "22,51-49      All", 61 } }
}
{ 12, ":", "", 0, 1, 0,
  event = "cmdline_show",
  kind = { { 0, "NoiceHistory" } }
}
{
  event = "msg_ruler",
  kind = { { 1, "22,51-49      All", 61 } }
}
{
  event = "msg_ruler",
  kind = { { 1, "22,51-49      All", 61 } }
}
{ 13, ":", "", 0, 1, 0,
  event = "cmdline_show",
  kind = { { 0, "NoiceHistory " } }
}
{
  event = "msg_ruler",
  kind = { { 1, "22,51-49      All", 61 } }
}
{ 12, ":", "", 0, 1, 0,
  event = "cmdline_show",
  kind = { { 0, "NoiceHistory" } }
}
{
  event = "msg_ruler",
  kind = { { 1, "22,51-49      All", 61 } }
}
{ false,
  event = "cmdline_hide",
  kind = 1
}
{
  event = "msg_showcmd",
  kind = {}
}
{
  event = "msg_ruler",
  kind = { { 1, "22,51-49      All", 61 } }
}
{
  event = "msg_ruler",
  kind = { { 1, "22,51-49      All", 61 } }
}
{
  event = "msg_showcmd",
  kind = { { 0, ":", 0 } }
}
{ 0, ":", "", 0, 1, 0,
  event = "cmdline_show",
  kind = { { 0, "" } }
}
{
  event = "msg_ruler",
  kind = { { 1, "22,51-49      All", 61 } }
}
{
  event = "msg_ruler",
  kind = { { 1, "22,51-49      All", 61 } }
}
{
  event = "msg_ruler",
  kind = { { 1, "22,51-49      All", 61 } }
}
{
  event = "msg_ruler",
  kind = { { 1, "22,51-49      All", 61 } }
}
{ 1, ":", "", 0, 1, 0,
  event = "cmdline_show",
  kind = { { 0, "N" } }
}
{
  event = "msg_ruler",
  kind = { { 1, "22,51-49      All", 61 } }
}
{
  event = "msg_ruler",
  kind = { { 1, "22,51-49      All", 61 } }
}
{ 2, ":", "", 0, 1, 0,
  event = "cmdline_show",
  kind = { { 0, "No" } }
}
{
  event = "msg_ruler",
  kind = { { 1, "22,51-49      All", 61 } }
}
{
  event = "msg_ruler",
  kind = { { 1, "22,51-49      All", 61 } }
}
{ 3, ":", "", 0, 1, 0,
  event = "cmdline_show",
  kind = { { 0, "Noi" } }
}
{
  event = "msg_ruler",
  kind = { { 1, "22,51-49      All", 61 } }
}
{
  event = "msg_ruler",
  kind = { { 1, "22,51-49      All", 61 } }
}
{ 4, ":", "", 0, 1, 0,
  event = "cmdline_show",
  kind = { { 0, "Noic" } }
}
{
  event = "msg_ruler",
  kind = { { 1, "22,51-49      All", 61 } }
}
{
  event = "msg_ruler",
  kind = { { 1, "22,51-49      All", 61 } }
}
{ 5, ":", "", 0, 1, 0,
  event = "cmdline_show",
  kind = { { 0, "Noice" } }
}
{
  event = "msg_ruler",
  kind = { { 1, "22,51-49      All", 61 } }
}
{
  event = "msg_ruler",
  kind = { { 1, "22,51-49      All", 61 } }
}
{ 5, ":", "", 0, 1, 0,
  event = "cmdline_show",
  kind = { { 0, "Noice" } }
}
{
  event = "msg_ruler",
  kind = { { 1, "22,51-49      All", 61 } }
}
{ 8, ":", "", 0, 1, 0,
  event = "cmdline_show",
  kind = { { 0, "NoiceAll" } }
}
{
  event = "msg_ruler",
  kind = { { 1, "22,51-49      All", 61 } }
}
{
  event = "msg_ruler",
  kind = { { 1, "22,51-49      All", 61 } }
}
{ 11, ":", "", 0, 1, 0,
  event = "cmdline_show",
  kind = { { 0, "NoiceConfig" } }
}
{
  event = "msg_ruler",
  kind = { { 1, "22,51-49      All", 61 } }
}
{
  event = "msg_ruler",
  kind = { { 1, "22,51-49      All", 61 } }
}
{ 10, ":", "", 0, 1, 0,
  event = "cmdline_show",
  kind = { { 0, "NoiceDebug" } }
}
{
  event = "msg_ruler",
  kind = { { 1, "22,51-49      All", 61 } }
}
{
  event = "msg_ruler",
  kind = { { 1, "22,51-49      All", 61 } }
}
{ 12, ":", "", 0, 1, 0,
  event = "cmdline_show",
  kind = { { 0, "NoiceDisable" } }
}
{
  event = "msg_ruler",
  kind = { { 1, "22,51-49      All", 61 } }
}
{
  event = "msg_ruler",
  kind = { { 1, "22,51-49      All", 61 } }
}
{ 12, ":", "", 0, 1, 0,
  event = "cmdline_show",
  kind = { { 0, "NoiceDismiss" } }
}
{
  event = "msg_ruler",
  kind = { { 1, "22,51-49      All", 61 } }
}
{
  event = "msg_ruler",
  kind = { { 1, "22,51-49      All", 61 } }
}
{ 11, ":", "", 0, 1, 0,
  event = "cmdline_show",
  kind = { { 0, "NoiceEnable" } }
}
{
  event = "msg_ruler",
  kind = { { 1, "22,51-49      All", 61 } }
}
{
  event = "msg_ruler",
  kind = { { 1, "22,51-49      All", 61 } }
}
{ 11, ":", "", 0, 1, 0,
  event = "cmdline_show",
  kind = { { 0, "NoiceErrors" } }
}
{
  event = "msg_ruler",
  kind = { { 1, "22,51-49      All", 61 } }
}
{
  event = "msg_ruler",
  kind = { { 1, "22,51-49      All", 61 } }
}
{ 8, ":", "", 0, 1, 0,
  event = "cmdline_show",
  kind = { { 0, "NoiceFzf" } }
}
{
  event = "msg_ruler",
  kind = { { 1, "22,51-49      All", 61 } }
}
{
  event = "msg_ruler",
  kind = { { 1, "22,51-49      All", 61 } }
}
{ 12, ":", "", 0, 1, 0,
  event = "cmdline_show",
  kind = { { 0, "NoiceHistory" } }
}
{
  event = "msg_ruler",
  kind = { { 1, "22,51-49      All", 61 } }
}
{
  event = "msg_ruler",
  kind = { { 1, "22,51-49      All", 61 } }
}
{ 9, ":", "", 0, 1, 0,
  event = "cmdline_show",
  kind = { { 0, "NoiceLast" } }
}
{
  event = "msg_ruler",
  kind = { { 1, "22,51-49      All", 61 } }
}
{
  event = "msg_ruler",
  kind = { { 1, "22,51-49      All", 61 } }
}
{ 8, ":", "", 0, 1, 0,
  event = "cmdline_show",
  kind = { { 0, "NoiceLog" } }
}
{
  event = "msg_ruler",
  kind = { { 1, "22,51-49      All", 61 } }
}
{
  event = "msg_ruler",
  kind = { { 1, "22,51-49      All", 61 } }
}
{ 9, ":", "", 0, 1, 0,
  event = "cmdline_show",
  kind = { { 0, "NoicePick" } }
}
{
  event = "msg_ruler",
  kind = { { 1, "22,51-49      All", 61 } }
}
{
  event = "msg_ruler",
  kind = { { 1, "22,51-49      All", 61 } }
}
{ 11, ":", "", 0, 1, 0,
  event = "cmdline_show",
  kind = { { 0, "NoiceRoutes" } }
}
{
  event = "msg_ruler",
  kind = { { 1, "22,51-49      All", 61 } }
}
{
  event = "msg_ruler",
  kind = { { 1, "22,51-49      All", 61 } }
}
{ 11, ":", "", 0, 1, 0,
  event = "cmdline_show",
  kind = { { 0, "NoiceSnacks" } }
}
{
  event = "msg_ruler",
  kind = { { 1, "22,51-49      All", 61 } }
}
{
  event = "msg_ruler",
  kind = { { 1, "22,51-49      All", 61 } }
}
{ 10, ":", "", 0, 1, 0,
  event = "cmdline_show",
  kind = { { 0, "NoiceStats" } }
}
{
  event = "msg_ruler",
  kind = { { 1, "22,51-49      All", 61 } }
}
{
  event = "msg_ruler",
  kind = { { 1, "22,51-49      All", 61 } }
}
{ 14, ":", "", 0, 1, 0,
  event = "cmdline_show",
  kind = { { 0, "NoiceTelescope" } }
}
{
  event = "msg_ruler",
  kind = { { 1, "22,51-49      All", 61 } }
}
{
  event = "msg_ruler",
  kind = { { 1, "22,51-49      All", 61 } }
}
{ 14, ":", "", 0, 1, 0,
  event = "cmdline_show",
  kind = { { 0, "NoiceViewstats" } }
}
{
  event = "msg_ruler",
  kind = { { 1, "22,51-49      All", 61 } }
}
{
  event = "msg_ruler",
  kind = { { 1, "22,51-49      All", 61 } }
}
{ 14, ":", "", 0, 1, 0,
  event = "cmdline_show",
  kind = { { 0, "NoiceTelescope" } }
}
{
  event = "msg_ruler",
  kind = { { 1, "22,51-49      All", 61 } }
}
{
  event = "msg_ruler",
  kind = { { 1, "22,51-49      All", 61 } }
}
{ 10, ":", "", 0, 1, 0,
  event = "cmdline_show",
  kind = { { 0, "NoiceStats" } }
}
{
  event = "msg_ruler",
  kind = { { 1, "22,51-49      All", 61 } }
}
{
  event = "msg_ruler",
  kind = { { 1, "22,51-49      All", 61 } }
}
{ 11, ":", "", 0, 1, 0,
  event = "cmdline_show",
  kind = { { 0, "NoiceSnacks" } }
}
{
  event = "msg_ruler",
  kind = { { 1, "22,51-49      All", 61 } }
}
{
  event = "msg_ruler",
  kind = { { 1, "22,51-49      All", 61 } }
}
{ 11, ":", "", 0, 1, 0,
  event = "cmdline_show",
  kind = { { 0, "NoiceRoutes" } }
}
{
  event = "msg_ruler",
  kind = { { 1, "22,51-49      All", 61 } }
}
{
  event = "msg_ruler",
  kind = { { 1, "22,51-49      All", 61 } }
}
{ 9, ":", "", 0, 1, 0,
  event = "cmdline_show",
  kind = { { 0, "NoicePick" } }
}
{
  event = "msg_ruler",
  kind = { { 1, "22,51-49      All", 61 } }
}
{
  event = "msg_ruler",
  kind = { { 1, "22,51-49      All", 61 } }
}
{ 8, ":", "", 0, 1, 0,
  event = "cmdline_show",
  kind = { { 0, "NoiceLog" } }
}
{
  event = "msg_ruler",
  kind = { { 1, "22,51-49      All", 61 } }
}
{
  event = "msg_ruler",
  kind = { { 1, "22,51-49      All", 61 } }
}
{ 9, ":", "", 0, 1, 0,
  event = "cmdline_show",
  kind = { { 0, "NoiceLast" } }
}
{
  event = "msg_ruler",
  kind = { { 1, "22,51-49      All", 61 } }
}
{
  event = "msg_ruler",
  kind = { { 1, "22,51-49      All", 61 } }
}
{ 12, ":", "", 0, 1, 0,
  event = "cmdline_show",
  kind = { { 0, "NoiceHistory" } }
}
{
  event = "msg_ruler",
  kind = { { 1, "22,51-49      All", 61 } }
}
{
  event = "msg_ruler",
  kind = { { 1, "22,51-49      All", 61 } }
}
{ 8, ":", "", 0, 1, 0,
  event = "cmdline_show",
  kind = { { 0, "NoiceFzf" } }
}
{
  event = "msg_ruler",
  kind = { { 1, "22,51-49      All", 61 } }
}
{
  event = "msg_ruler",
  kind = { { 1, "22,51-49      All", 61 } }
}
{ 11, ":", "", 0, 1, 0,
  event = "cmdline_show",
  kind = { { 0, "NoiceErrors" } }
}
{
  event = "msg_ruler",
  kind = { { 1, "22,51-49      All", 61 } }
}
{
  event = "msg_ruler",
  kind = { { 1, "22,51-49      All", 61 } }
}
{ false,
  event = "cmdline_hide",
  kind = 1
}
{
  event = "msg_showcmd",
  kind = {}
}
{
  event = "msg_ruler",
  kind = { { 1, "22,51-49      All", 61 } }
}
{
  event = "msg_ruler",
  kind = { { 1, "22,51-49      All", 61 } }
}
